{"message":"bookmark with id: 228f8ead-5a32-4845-a62e-1f783c5b0162 has been added to the database","level":"info"}
{"message":{"rating":"Rating is invalid"},"level":"error"}
{"message":{"rating":"Rating is invalid"},"level":"error"}
{"message":{"rating":"Rating is invalid"},"level":"error"}
{"message":{"rating":"Rating is invalid"},"level":"error"}
{"message":{"rating":"Rating is invalid"},"level":"error"}
{"message":{"rating":"Rating is invalid"},"level":"error"}
{"message":"Unauthorized attempt using key: undefined","level":"error"}
{"message":"Unauthorized attempt using key: undefined","level":"error"}
{"message":"Unauthorized attempt using key: undefined","level":"error"}
{"message":"Unauthorized attempt using key: undefined","level":"error"}
{"message":"Unauthorized attempt using key: undefined","level":"error"}
{"message":{"rating":"Rating is invalid"},"level":"error"}
{"message":"bookmark with id: ef44ddc2-d2af-47f6-9544-4130d6e6f3a5 has been added to the database","level":"info"}
{"message":"Unauthorized attempt using key: null","level":"error"}
{"message":"Unauthorized attempt using key: null","level":"error"}
{"message":"Bookmark with index: -1, and id: 4, has been removed","level":"info"}
{"message":"Bookmark with index: 1, and id: 2, has been removed","level":"info"}
{"message":"Bookmark with index: 1, and id: 2, has been removed","level":"info"}
{"message":"No bookmark with id: 4, could be found to delete","level":"info"}
{"message":"bookmark with id: 4dd215d6-f08b-47d1-af38-7aabdcb1b135 has been added to the database","level":"info"}
{"message":"bookmark with id: 9f6f69a6-c363-47d5-a4f8-b7e81cfae80a has been added to the database","level":"info"}
{"message":"bookmark with id: f3183860-cd94-4312-9941-e216cecce33d has been added to the database","level":"info"}
{"message":"Unauthorized attempt using key: chick-fil-","level":"error"}
{"message":"Unauthorized attempt using key: chick-fil-","level":"error"}
{"message":"Unauthorized attempt using key: chick-fil-","level":"error"}
{"message":"Unauthorized attempt using key: chick-fil-a","level":"error"}
{"message":"Unauthorized attempt using key: chick-fil-a","level":"error"}
{"message":"Unauthorized attempt using key: null","level":"error"}
{"message":"Unauthorized attempt using key: null","level":"error"}
{"message":"Unauthorized attempt using key: null","level":"error"}
{"message":"Unauthorized attempt using key: null","level":"error"}
{"message":"Unauthorized attempt using key: null","level":"error"}
{"message":"Unauthorized attempt using key: null","level":"error"}
{"message":"Unauthorized attempt using key: abcd","level":"error"}
{"message":"Unauthorized attempt using key: chick-fil-a","level":"error"}
{"message":"Unauthorized attempt using key: chick-fil-a","level":"error"}
{"message":"Unauthorized attempt using key: chick-fil-a","level":"error"}
{"message":"Unauthorized attempt using key: chick-fil-a","level":"error"}
{"message":"Unauthorized attempt using key: chick-fil-a","level":"error"}
{"message":"Unauthorized attempt using key: chick-fil-a","level":"error"}
{"message":"Unauthorized attempt using key: chick-fil-a","level":"error"}
{"message":"Unauthorized attempt using key: chick-fil-a","level":"error"}
{"message":"Unauthorized attempt using key: lbcd","level":"error"}
{"message":"Unauthorized attempt using key: lbcd","level":"error"}
{"message":"Unauthorized attempt using key: abkd","level":"error"}
{"message":"Unauthorized attempt using key: lbcd","level":"error"}
{"message":"Unauthorized attempt using key: lbcd","level":"error"}
{"message":"Unauthorized attempt using key: abkd","level":"error"}
{"message":"Unauthorized attempt using key: lbcd","level":"error"}
{"message":"Unauthorized attempt using key: lbcd","level":"error"}
{"message":"Unauthorized attempt using key: abkd","level":"error"}
{"message":{"rating":"Rating is invalid","url":"Invalid URL. ensure it starts with http:// or https://","title":"Title either needed or too long (10 char max)"},"level":"error"}
{"message":{"rating":"Rating is invalid","url":"Invalid URL. ensure it starts with http:// or https://","title":"Title either needed or too long (10 char max)"},"level":"error"}
{"message":{"rating":"Rating is invalid","url":"Invalid URL. ensure it starts with http:// or https://","title":"Title either needed or too long (10 char max)"},"level":"error"}
{"message":{"rating":"Rating is invalid","url":"Invalid URL. ensure it starts with http:// or https://","title":"Title either needed or too long (10 char max)"},"level":"error"}
{"message":"Unauthorized attempt using key: abcld","level":"error"}
{"message":{"rating":"Rating is invalid","url":"Invalid URL. ensure it starts with http:// or https://","title":"Title either needed or too long (10 char max)"},"level":"error"}
{"message":"Unauthorized attempt using key: abcld","level":"error"}
{"message":{"rating":"Rating is invalid","url":"Invalid URL. ensure it starts with http:// or https://","title":"Title either needed or too long (10 char max)"},"level":"error"}
{"message":"Unauthorized attempt using key: abcld","level":"error"}
{"message":{"rating":"Rating is invalid","url":"Invalid URL. ensure it starts with http:// or https://","title":"Title either needed or too long (10 char max)"},"level":"error"}
{"message":"Unauthorized attempt using key: abcld","level":"error"}
{"message":{"rating":"Rating is invalid","url":"Invalid URL. ensure it starts with http:// or https://","title":"Title either needed or too long (10 char max)"},"level":"error"}
{"message":"Unauthorized attempt using key: abcld","level":"error"}
{"message":{"rating":"Rating is invalid","url":"Invalid URL. ensure it starts with http:// or https://","title":"Title either needed or too long (10 char max)"},"level":"error"}
{"message":"Unauthorized attempt using key: abcld","level":"error"}
{"message":{"rating":"Rating is invalid","url":"Invalid URL. ensure it starts with http:// or https://","title":"Title either needed or too long (10 char max)"},"level":"error"}
{"message":"Unauthorized attempt using key: abcld","level":"error"}
{"message":{"rating":"Rating is invalid","url":"Invalid URL. ensure it starts with http:// or https://","title":"Title either needed or too long (10 char max)"},"level":"error"}
{"message":"Unauthorized attempt using key: abcld","level":"error"}
{"message":"bookmark with id: 1 has been added to the database","level":"info"}
{"message":"bookmark with id: 11 has been added to the database","level":"info"}
{"message":"bookmark with id: 12 has been added to the database","level":"info"}
{"message":{"rating":"Rating is invalid","url":"Invalid URL. ensure it starts with http:// or https://","title":"Title either needed or too long (10 char max)"},"level":"error"}
{"message":"Unauthorized attempt using key: abcld","level":"error"}
{"message":"bookmark with id: 1 has been added to the database","level":"info"}
{"message":{"rating":"Rating is invalid","url":"Invalid URL. ensure it starts with http:// or https://","title":"Title either needed or too long (10 char max)"},"level":"error"}
{"message":"Unauthorized attempt using key: abcld","level":"error"}
{"message":"bookmark with id: 1 has been added to the database","level":"info"}
{"message":{"rating":"Rating is invalid","url":"Invalid URL. ensure it starts with http:// or https://","title":"Title either needed or too long (10 char max)"},"level":"error"}
{"message":"Unauthorized attempt using key: abcld","level":"error"}
{"message":"bookmark with id: 1 has been added to the database","level":"info"}
{"message":{"rating":"Rating is invalid","url":"Invalid URL. ensure it starts with http:// or https://","title":"Title either needed or too long (10 char max)"},"level":"error"}
{"message":"Unauthorized attempt using key: abcld","level":"error"}
{"message":"bookmark with id: 1 has been added to the database","level":"info"}
{"message":{"rating":"Rating is invalid","url":"Invalid URL. ensure it starts with http:// or https://","title":"Title either needed or too long (10 char max)"},"level":"error"}
{"message":"Unauthorized attempt using key: abcld","level":"error"}
{"message":"bookmark with id: 1 has been added to the database","level":"info"}
{"message":"Unauthorized attempt using key: null","level":"error"}
{"message":{"title":"Title either needed or too long (10 char max)"},"level":"error"}
{"message":"bookmark with id: 13 has been added to the database","level":"info"}
{"message":"bookmark with id: 14 has been added to the database","level":"info"}
{"message":"bookmark with id: 15 has been added to the database","level":"info"}
{"message":"No bookmark with id: 12, could be found to delete","level":"info"}
{"message":"Bookmark with index: 2, and id: 3, has been removed","level":"info"}
{"message":"No bookmark with id: 3, could be found to delete","level":"info"}
{"message":"Bookmark with index: 1, and id: 2, has been removed","level":"info"}
{"message":"No bookmark with id: 2, could be found to delete","level":"info"}
{"message":"Bookmark with index: 1, and id: 2, has been removed","level":"info"}
{"message":"No bookmark with id: 15, could be found to delete","level":"info"}
{"message":"Bookmark with id: 2, has been removed","level":"info"}
{"message":"bookmark with id: 16 has been added to the database","level":"info"}
{"message":"Unauthorized attempt using key: lbcd","level":"error"}
{"message":"Unauthorized attempt using key: lbcd","level":"error"}
{"message":"Unauthorized attempt using key: abkd","level":"error"}
{"message":{"rating":"Rating is invalid","url":"Invalid URL. ensure it starts with http:// or https://","title":"Title either needed or too long (10 char max)"},"level":"error"}
{"message":"Unauthorized attempt using key: abcld","level":"error"}
{"message":"bookmark with id: 1 has been added to the database","level":"info"}
{"message":"Unauthorized attempt using key: lbcd","level":"error"}
{"message":"Unauthorized attempt using key: lbcd","level":"error"}
{"message":"Unauthorized attempt using key: abkd","level":"error"}
{"message":{"rating":"Rating is invalid","url":"Invalid URL. ensure it starts with http:// or https://","title":"Title either needed or too long (10 char max)"},"level":"error"}
{"message":"Unauthorized attempt using key: abcld","level":"error"}
{"message":"bookmark with id: 1 has been added to the database","level":"info"}
{"message":"Unauthorized attempt using key: lbcd","level":"error"}
{"message":"Unauthorized attempt using key: lbcd","level":"error"}
{"message":"Unauthorized attempt using key: abkd","level":"error"}
{"message":{"rating":"Rating is invalid","url":"Invalid URL. ensure it starts with http:// or https://","title":"Title either needed or too long (10 char max)"},"level":"error"}
{"message":"Unauthorized attempt using key: abcld","level":"error"}
{"message":"bookmark with id: 1 has been added to the database","level":"info"}
{"message":"Unauthorized attempt using key: lbcd","level":"error"}
{"message":"Unauthorized attempt using key: lbcd","level":"error"}
{"message":"Unauthorized attempt using key: abkd","level":"error"}
{"message":{"rating":"Rating is invalid","url":"Invalid URL. ensure it starts with http:// or https://","title":"Title either needed or too long (10 char max)"},"level":"error"}
{"message":"Unauthorized attempt using key: abcld","level":"error"}
{"message":"bookmark with id: 1 has been added to the database","level":"info"}
{"message":"Unauthorized attempt using key: lbcd","level":"error"}
{"message":"Unauthorized attempt using key: lbcd","level":"error"}
{"message":"Unauthorized attempt using key: abkd","level":"error"}
{"message":{"rating":"Rating is invalid","url":"Invalid URL. ensure it starts with http:// or https://","title":"Title either needed or too long (10 char max)"},"level":"error"}
{"message":"Unauthorized attempt using key: abcld","level":"error"}
{"message":"bookmark with id: 1 has been added to the database","level":"info"}
{"message":"Unauthorized attempt using key: lbcd","level":"error"}
{"message":"Unauthorized attempt using key: lbcd","level":"error"}
{"message":"Unauthorized attempt using key: abkd","level":"error"}
{"message":{"rating":"Rating is invalid","url":"Invalid URL. ensure it starts with http:// or https://","title":"Title either needed or too long (10 char max)"},"level":"error"}
{"message":"Unauthorized attempt using key: abcld","level":"error"}
{"message":"bookmark with id: 1 has been added to the database","level":"info"}
{"message":"Unauthorized attempt using key: lbcd","level":"error"}
{"message":"Unauthorized attempt using key: lbcd","level":"error"}
{"message":"Unauthorized attempt using key: abkd","level":"error"}
{"message":{"rating":"Rating is invalid","url":"Invalid URL. ensure it starts with http:// or https://","title":"Title either needed or too long (10 char max)"},"level":"error"}
{"message":"Unauthorized attempt using key: abcld","level":"error"}
{"message":"bookmark with id: 1 has been added to the database","level":"info"}
{"message":"Unauthorized attempt using key: lbcd","level":"error"}
{"message":"Unauthorized attempt using key: lbcd","level":"error"}
{"message":"Unauthorized attempt using key: abkd","level":"error"}
{"message":{"rating":"Rating is invalid","url":"Invalid URL. ensure it starts with http:// or https://","title":"Title either needed or too long (10 char max)"},"level":"error"}
{"message":"Unauthorized attempt using key: abcld","level":"error"}
{"message":"bookmark with id: 1 has been added to the database","level":"info"}
{"message":"Unauthorized attempt using key: lbcd","level":"error"}
{"message":"Unauthorized attempt using key: lbcd","level":"error"}
{"message":"Unauthorized attempt using key: abkd","level":"error"}
{"message":{"rating":"Rating is invalid","url":"Invalid URL. ensure it starts with http:// or https://","title":"Title either needed or too long (10 char max)"},"level":"error"}
{"message":"Unauthorized attempt using key: abcld","level":"error"}
{"message":"bookmark with id: 1 has been added to the database","level":"info"}
{"message":"Unauthorized attempt using key: lbcd","level":"error"}
{"message":"Unauthorized attempt using key: lbcd","level":"error"}
{"message":"Unauthorized attempt using key: abkd","level":"error"}
{"message":{"rating":"Rating is invalid","url":"Invalid URL. ensure it starts with http:// or https://","title":"Title either needed or too long (10 char max)"},"level":"error"}
{"message":"Unauthorized attempt using key: abcld","level":"error"}
{"message":"bookmark with id: 1 has been added to the database","level":"info"}
{"message":"Unauthorized attempt using key: lbcd","level":"error"}
{"message":"Unauthorized attempt using key: lbcd","level":"error"}
{"message":"Unauthorized attempt using key: abkd","level":"error"}
{"message":{"rating":"Rating is invalid","url":"Invalid URL. ensure it starts with http:// or https://","title":"Title either needed or too long (10 char max)"},"level":"error"}
{"message":"Unauthorized attempt using key: abcld","level":"error"}
{"message":"bookmark with id: 1 has been added to the database","level":"info"}
{"message":"Unauthorized attempt using key: lbcd","level":"error"}
{"message":"Unauthorized attempt using key: lbcd","level":"error"}
{"message":"Unauthorized attempt using key: abkd","level":"error"}
{"message":{"rating":"Rating is invalid","url":"Invalid URL. ensure it starts with http:// or https://","title":"Title either needed or too long (10 char max)"},"level":"error"}
{"message":"Unauthorized attempt using key: abcld","level":"error"}
{"message":"bookmark with id: 1 has been added to the database","level":"info"}
{"message":"Unauthorized attempt using key: lbcd","level":"error"}
{"message":"Unauthorized attempt using key: lbcd","level":"error"}
{"message":"Unauthorized attempt using key: abkd","level":"error"}
{"message":{"rating":"Rating is invalid","url":"Invalid URL. ensure it starts with http:// or https://","title":"Title either needed or too long (10 char max)"},"level":"error"}
{"message":"Unauthorized attempt using key: abcld","level":"error"}
{"message":"bookmark with id: 1 has been added to the database","level":"info"}
{"message":"Unauthorized attempt using key: null","level":"error"}
{"message":"Unauthorized attempt using key: null","level":"error"}
